Flow report for FlappyBird
Thu Nov 10 12:38:38 2022
Quartus Prime Version 18.1.0 Build 625 09/12/2018 SJ Lite Edition


---------------------
; Table of Contents ;
---------------------
  1. Legal Notice
  2. Flow Summary
  3. Flow Settings
  4. Flow Non-Default Global Settings
  5. Flow Elapsed Time
  6. Flow OS Summary
  7. Flow Log
  8. Flow Messages
  9. Flow Suppressed Messages



----------------
; Legal Notice ;
----------------
Copyright (C) 2018  Intel Corporation. All rights reserved.
Your use of Intel Corporation's design tools, logic functions 
and other software and tools, and its AMPP partner logic 
functions, and any output files from any of the foregoing 
(including device programming or simulation files), and any 
associated documentation or information are expressly subject 
to the terms and conditions of the Intel Program License 
Subscription Agreement, the Intel Quartus Prime License Agreement,
the Intel FPGA IP License Agreement, or other applicable license
agreement, including, without limitation, that your use is for
the sole purpose of programming logic devices manufactured by
Intel and sold by Intel or its authorized distributors.  Please
refer to the applicable agreement for further details.



+----------------------------------------------------------------------------------+
; Flow Summary                                                                     ;
+------------------------------------+---------------------------------------------+
; Flow Status                        ; Successful - Thu Nov 10 12:38:38 2022       ;
; Quartus Prime Version              ; 18.1.0 Build 625 09/12/2018 SJ Lite Edition ;
; Revision Name                      ; FlappyBird                                  ;
; Top-level Entity Name              ; FlappyBird                                  ;
; Family                             ; MAX 10                                      ;
; Device                             ; 10M50DAF484C7G                              ;
; Timing Models                      ; Final                                       ;
; Total logic elements               ; 3,529 / 49,760 ( 7 % )                      ;
;     Total combinational functions  ; 3,194 / 49,760 ( 6 % )                      ;
;     Dedicated logic registers      ; 2,023 / 49,760 ( 4 % )                      ;
; Total registers                    ; 2092                                        ;
; Total pins                         ; 83 / 360 ( 23 % )                           ;
; Total virtual pins                 ; 0                                           ;
; Total memory bits                  ; 11,392 / 1,677,312 ( < 1 % )                ;
; Embedded Multiplier 9-bit elements ; 0 / 288 ( 0 % )                             ;
; Total PLLs                         ; 1 / 4 ( 25 % )                              ;
; UFM blocks                         ; 0 / 1 ( 0 % )                               ;
; ADC blocks                         ; 0 / 2 ( 0 % )                               ;
+------------------------------------+---------------------------------------------+


+-----------------------------------------+
; Flow Settings                           ;
+-------------------+---------------------+
; Option            ; Setting             ;
+-------------------+---------------------+
; Start date & time ; 11/10/2022 12:32:27 ;
; Main task         ; Compilation         ;
; Revision Name     ; FlappyBird          ;
+-------------------+---------------------+


+----------------------------------------------------------------------------------------------------------------------------------------------------------+
; Flow Non-Default Global Settings                                                                                                                         ;
+-------------------------------------+------------------------------------------------------------------+---------------+----------------+----------------+
; Assignment Name                     ; Value                                                            ; Default Value ; Entity Name    ; Section Id     ;
+-------------------------------------+------------------------------------------------------------------+---------------+----------------+----------------+
; COMPILER_SIGNATURE_ID               ; 167304649778095.166810514516864                                  ; --            ; --             ; --             ;
; EDA_OUTPUT_DATA_FORMAT              ; Systemverilog Hdl                                                ; --            ; --             ; eda_simulation ;
; EDA_SIMULATION_TOOL                 ; ModelSim-Altera (SystemVerilog)                                  ; <None>        ; --             ; --             ;
; EDA_TIME_SCALE                      ; 1 ps                                                             ; --            ; --             ; eda_simulation ;
; MAX_CORE_JUNCTION_TEMP              ; 85                                                               ; --            ; --             ; --             ;
; MIN_CORE_JUNCTION_TEMP              ; 0                                                                ; --            ; --             ; --             ;
; MISC_FILE                           ; FlappyBird_soc/synthesis/../FlappyBird_soc.cmp                   ; --            ; --             ; --             ;
; MISC_FILE                           ; FlappyBird_soc/synthesis/../../FlappyBird_soc.qsys               ; --            ; --             ; --             ;
; OUTPUT_IO_TIMING_FAR_END_VMEAS      ; Half Signal Swing                                                ; --            ; --             ; --             ;
; OUTPUT_IO_TIMING_FAR_END_VMEAS      ; Half Signal Swing                                                ; --            ; --             ; --             ;
; OUTPUT_IO_TIMING_NEAR_END_VMEAS     ; Half Vccio                                                       ; --            ; --             ; --             ;
; OUTPUT_IO_TIMING_NEAR_END_VMEAS     ; Half Vccio                                                       ; --            ; --             ; --             ;
; PARTITION_COLOR                     ; -- (Not supported for targeted family)                           ; --            ; --             ; Top            ;
; PARTITION_FITTER_PRESERVATION_LEVEL ; -- (Not supported for targeted family)                           ; --            ; --             ; Top            ;
; PARTITION_NETLIST_TYPE              ; -- (Not supported for targeted family)                           ; --            ; --             ; Top            ;
; POWER_BOARD_THERMAL_MODEL           ; None (CONSERVATIVE)                                              ; --            ; --             ; --             ;
; POWER_PRESET_COOLING_SOLUTION       ; 23 MM HEAT SINK WITH 200 LFPM AIRFLOW                            ; --            ; --             ; --             ;
; PROJECT_OUTPUT_DIRECTORY            ; output_files                                                     ; --            ; --             ; --             ;
; SLD_FILE                            ; FlappyBird_soc/synthesis/FlappyBird_soc.regmap                   ; --            ; --             ; --             ;
; SLD_FILE                            ; FlappyBird_soc/synthesis/FlappyBird_soc.debuginfo                ; --            ; --             ; --             ;
; SLD_INFO                            ; QSYS_NAME FlappyBird_soc HAS_SOPCINFO 1 GENERATION_ID 1667938462 ; --            ; FlappyBird_soc ; --             ;
; SOPCINFO_FILE                       ; FlappyBird_soc/synthesis/../../FlappyBird_soc.sopcinfo           ; --            ; --             ; --             ;
; SYNTHESIS_ONLY_QIP                  ; On                                                               ; --            ; --             ; --             ;
+-------------------------------------+------------------------------------------------------------------+---------------+----------------+----------------+


+--------------------------------------------------------------------------------------------------------------------------+
; Flow Elapsed Time                                                                                                        ;
+----------------------+--------------+-------------------------+---------------------+------------------------------------+
; Module Name          ; Elapsed Time ; Average Processors Used ; Peak Virtual Memory ; Total CPU Time (on all processors) ;
+----------------------+--------------+-------------------------+---------------------+------------------------------------+
; Analysis & Synthesis ; 00:02:58     ; 1.0                     ; 4939 MB             ; 00:02:40                           ;
; Fitter               ; 00:01:40     ; 1.2                     ; 5678 MB             ; 00:01:36                           ;
; Assembler            ; 00:00:19     ; 1.0                     ; 4699 MB             ; 00:00:15                           ;
; Timing Analyzer      ; 00:00:29     ; 1.5                     ; 4870 MB             ; 00:00:30                           ;
; EDA Netlist Writer   ; 00:00:12     ; 1.0                     ; 4716 MB             ; 00:00:10                           ;
; Total                ; 00:05:38     ; --                      ; --                  ; 00:05:11                           ;
+----------------------+--------------+-------------------------+---------------------+------------------------------------+


+------------------------------------------------------------------------------------+
; Flow OS Summary                                                                    ;
+----------------------+------------------+------------+------------+----------------+
; Module Name          ; Machine Hostname ; OS Name    ; OS Version ; Processor type ;
+----------------------+------------------+------------+------------+----------------+
; Analysis & Synthesis ; DESKTOP-C3PKT4R  ; Windows 10 ; 10.0       ; x86_64         ;
; Fitter               ; DESKTOP-C3PKT4R  ; Windows 10 ; 10.0       ; x86_64         ;
; Assembler            ; DESKTOP-C3PKT4R  ; Windows 10 ; 10.0       ; x86_64         ;
; Timing Analyzer      ; DESKTOP-C3PKT4R  ; Windows 10 ; 10.0       ; x86_64         ;
; EDA Netlist Writer   ; DESKTOP-C3PKT4R  ; Windows 10 ; 10.0       ; x86_64         ;
+----------------------+------------------+------------+------------+----------------+


------------
; Flow Log ;
------------
quartus_map --read_settings_files=on --write_settings_files=off FlappyBird -c FlappyBird
quartus_fit --read_settings_files=off --write_settings_files=off FlappyBird -c FlappyBird
quartus_asm --read_settings_files=off --write_settings_files=off FlappyBird -c FlappyBird
quartus_sta FlappyBird -c FlappyBird
quartus_eda --read_settings_files=off --write_settings_files=off FlappyBird -c FlappyBird



